{"text": "2024-01-26 06:25:49 | INFO    | __main__:stash:131 | run - {'image': '20231121', 'version': '0.10.1.post2', 'role': 'EpicPlayer', 'headless': True}\n", "record": {"elapsed": {"repr": "0:00:01.320250", "seconds": 1.32025}, "exception": null, "extra": {"image": "20231121", "version": "0.10.1.post2", "role": "EpicPlayer", "headless": true}, "file": {"name": "claim.py", "path": "/home/runner/work/epic-awesome/epic-awesome/epic/src/claim.py"}, "function": "stash", "level": {"icon": "‚ÑπÔ∏è", "name": "INFO", "no": 20}, "line": 131, "message": "run", "module": "claim", "name": "__main__", "process": {"id": 3528, "name": "MainProcess"}, "thread": {"id": 140675051617152, "name": "MainThread"}, "time": {"repr": "2024-01-26 06:25:49.662488+08:00", "timestamp": 1706221549.662488}}}
{"text": "2024-01-26 06:25:56 | WARNING    | epic_games.agent:get_order_history:467 | Failed to get order history, cookie may have expired - {}\n", "record": {"elapsed": {"repr": "0:00:08.323203", "seconds": 8.323203}, "exception": null, "extra": {}, "file": {"name": "agent.py", "path": "/home/runner/work/epic-awesome/epic-awesome/epic/src/epic_games/agent.py"}, "function": "get_order_history", "level": {"icon": "‚ö†Ô∏è", "name": "WARNING", "no": 30}, "line": 467, "message": "Failed to get order history, cookie may have expired", "module": "agent", "name": "epic_games.agent", "process": {"id": 3528, "name": "MainProcess"}, "thread": {"id": 140675051617152, "name": "MainThread"}, "time": {"repr": "2024-01-26 06:25:56.665441+08:00", "timestamp": 1706221556.665441}}}
{"text": "2024-01-26 06:25:57 | DEBUG    | __main__:create_tasks:66 | Put task - {'title': 'Infinifactory', 'url': 'https://store.epicgames.com/en-US/p/infinifactory-ec9686'}\n", "record": {"elapsed": {"repr": "0:00:08.776271", "seconds": 8.776271}, "exception": null, "extra": {"title": "Infinifactory", "url": "https://store.epicgames.com/en-US/p/infinifactory-ec9686"}, "file": {"name": "claim.py", "path": "/home/runner/work/epic-awesome/epic-awesome/epic/src/claim.py"}, "function": "create_tasks", "level": {"icon": "üêû", "name": "DEBUG", "no": 10}, "line": 66, "message": "Put task", "module": "claim", "name": "__main__", "process": {"id": 3528, "name": "MainProcess"}, "thread": {"id": 140675051617152, "name": "MainThread"}, "time": {"repr": "2024-01-26 06:25:57.118509+08:00", "timestamp": 1706221557.118509}}}
{"text": "2024-01-26 06:26:02 | INFO    | epic_games.agent:claim_weekly_games:294 | claim_weekly_games - {'action': 'go to store', 'url': 'https://store.epicgames.com/en-US/p/infinifactory-ec9686'}\n", "record": {"elapsed": {"repr": "0:00:13.932261", "seconds": 13.932261}, "exception": null, "extra": {"action": "go to store", "url": "https://store.epicgames.com/en-US/p/infinifactory-ec9686"}, "file": {"name": "agent.py", "path": "/home/runner/work/epic-awesome/epic-awesome/epic/src/epic_games/agent.py"}, "function": "claim_weekly_games", "level": {"icon": "‚ÑπÔ∏è", "name": "INFO", "no": 20}, "line": 294, "message": "claim_weekly_games", "module": "agent", "name": "epic_games.agent", "process": {"id": 3528, "name": "MainProcess"}, "thread": {"id": 140675051617152, "name": "MainThread"}, "time": {"repr": "2024-01-26 06:26:02.274499+08:00", "timestamp": 1706221562.274499}}}
{"text": "2024-01-26 06:26:11 | INFO    | epic_games.agent:claim_weekly_games:326 | claim_weekly_games - {'action': 'move to webPurchaseContainer iframe'}\n", "record": {"elapsed": {"repr": "0:00:22.761906", "seconds": 22.761906}, "exception": null, "extra": {"action": "move to webPurchaseContainer iframe"}, "file": {"name": "agent.py", "path": "/home/runner/work/epic-awesome/epic-awesome/epic/src/epic_games/agent.py"}, "function": "claim_weekly_games", "level": {"icon": "‚ÑπÔ∏è", "name": "INFO", "no": 20}, "line": 326, "message": "claim_weekly_games", "module": "agent", "name": "epic_games.agent", "process": {"id": 3528, "name": "MainProcess"}, "thread": {"id": 140675051617152, "name": "MainThread"}, "time": {"repr": "2024-01-26 06:26:11.104144+08:00", "timestamp": 1706221571.104144}}}
{"text": "2024-01-26 06:26:13 | INFO    | epic_games.agent:claim_weekly_games:328 | claim_weekly_games - {'action': 'click payment button'}\n", "record": {"elapsed": {"repr": "0:00:25.180776", "seconds": 25.180776}, "exception": null, "extra": {"action": "click payment button"}, "file": {"name": "agent.py", "path": "/home/runner/work/epic-awesome/epic-awesome/epic/src/epic_games/agent.py"}, "function": "claim_weekly_games", "level": {"icon": "‚ÑπÔ∏è", "name": "INFO", "no": 20}, "line": 328, "message": "claim_weekly_games", "module": "agent", "name": "epic_games.agent", "process": {"id": 3528, "name": "MainProcess"}, "thread": {"id": 140675051617152, "name": "MainThread"}, "time": {"repr": "2024-01-26 06:26:13.523014+08:00", "timestamp": 1706221573.523014}}}
{"text": "2024-01-26 06:26:18 | DEBUG    | hcaptcha_challenger.agents.playwright.control:_parse_label:241 | get task - {'prompt': 'Please fin‘Å and click on the number 8 in the image below.'}\n", "record": {"elapsed": {"repr": "0:00:30.183341", "seconds": 30.183341}, "exception": null, "extra": {"prompt": "Please fin‘Å and click on the number 8 in the image below."}, "file": {"name": "control.py", "path": "/opt/hostedtoolcache/Python/3.10.13/x64/lib/python3.10/site-packages/hcaptcha_challenger/agents/playwright/control.py"}, "function": "_parse_label", "level": {"icon": "üêû", "name": "DEBUG", "no": 10}, "line": 241, "message": "get task", "module": "control", "name": "hcaptcha_challenger.agents.playwright.control", "process": {"id": 3528, "name": "MainProcess"}, "thread": {"id": 140675051617152, "name": "MainThread"}, "time": {"repr": "2024-01-26 06:26:18.525579+08:00", "timestamp": 1706221578.525579}}}
{"text": "2024-01-26 06:26:23 | DEBUG    | epic_games.agent:insert_challenge:106 | task done - {'sattus': 'success'}\n", "record": {"elapsed": {"repr": "0:00:35.178920", "seconds": 35.17892}, "exception": null, "extra": {"sattus": "success"}, "file": {"name": "agent.py", "path": "/home/runner/work/epic-awesome/epic-awesome/epic/src/epic_games/agent.py"}, "function": "insert_challenge", "level": {"icon": "üêû", "name": "DEBUG", "no": 10}, "line": 106, "message": "task done", "module": "agent", "name": "epic_games.agent", "process": {"id": 3528, "name": "MainProcess"}, "thread": {"id": 140675051617152, "name": "MainThread"}, "time": {"repr": "2024-01-26 06:26:23.521158+08:00", "timestamp": 1706221583.521158}}}
{"text": "2024-01-26 06:26:55 | INFO    | epic_games.agent:claim_weekly_games:294 | claim_weekly_games - {'action': 'go to store', 'url': 'https://store.epicgames.com/en-US/p/infinifactory-ec9686'}\n", "record": {"elapsed": {"repr": "0:01:07.373387", "seconds": 67.373387}, "exception": null, "extra": {"action": "go to store", "url": "https://store.epicgames.com/en-US/p/infinifactory-ec9686"}, "file": {"name": "agent.py", "path": "/home/runner/work/epic-awesome/epic-awesome/epic/src/epic_games/agent.py"}, "function": "claim_weekly_games", "level": {"icon": "‚ÑπÔ∏è", "name": "INFO", "no": 20}, "line": 294, "message": "claim_weekly_games", "module": "agent", "name": "epic_games.agent", "process": {"id": 3528, "name": "MainProcess"}, "thread": {"id": 140675051617152, "name": "MainThread"}, "time": {"repr": "2024-01-26 06:26:55.715625+08:00", "timestamp": 1706221615.715625}}}
{"text": "2024-01-26 06:27:03 | INFO    | epic_games.agent:claim_weekly_games:326 | claim_weekly_games - {'action': 'move to webPurchaseContainer iframe'}\n", "record": {"elapsed": {"repr": "0:01:15.617887", "seconds": 75.617887}, "exception": null, "extra": {"action": "move to webPurchaseContainer iframe"}, "file": {"name": "agent.py", "path": "/home/runner/work/epic-awesome/epic-awesome/epic/src/epic_games/agent.py"}, "function": "claim_weekly_games", "level": {"icon": "‚ÑπÔ∏è", "name": "INFO", "no": 20}, "line": 326, "message": "claim_weekly_games", "module": "agent", "name": "epic_games.agent", "process": {"id": 3528, "name": "MainProcess"}, "thread": {"id": 140675051617152, "name": "MainThread"}, "time": {"repr": "2024-01-26 06:27:03.960125+08:00", "timestamp": 1706221623.960125}}}
{"text": "2024-01-26 06:27:06 | INFO    | epic_games.agent:claim_weekly_games:328 | claim_weekly_games - {'action': 'click payment button'}\n", "record": {"elapsed": {"repr": "0:01:18.004634", "seconds": 78.004634}, "exception": null, "extra": {"action": "click payment button"}, "file": {"name": "agent.py", "path": "/home/runner/work/epic-awesome/epic-awesome/epic/src/epic_games/agent.py"}, "function": "claim_weekly_games", "level": {"icon": "‚ÑπÔ∏è", "name": "INFO", "no": 20}, "line": 328, "message": "claim_weekly_games", "module": "agent", "name": "epic_games.agent", "process": {"id": 3528, "name": "MainProcess"}, "thread": {"id": 140675051617152, "name": "MainThread"}, "time": {"repr": "2024-01-26 06:27:06.346872+08:00", "timestamp": 1706221626.346872}}}
{"text": "2024-01-26 06:27:11 | DEBUG    | hcaptcha_challenger.agents.playwright.control:_parse_label:241 | get task - {'prompt': 'Plea—ïe find and click on the number 8 in the image below.'}\n", "record": {"elapsed": {"repr": "0:01:23.007385", "seconds": 83.007385}, "exception": null, "extra": {"prompt": "Plea—ïe find and click on the number 8 in the image below."}, "file": {"name": "control.py", "path": "/opt/hostedtoolcache/Python/3.10.13/x64/lib/python3.10/site-packages/hcaptcha_challenger/agents/playwright/control.py"}, "function": "_parse_label", "level": {"icon": "üêû", "name": "DEBUG", "no": 10}, "line": 241, "message": "get task", "module": "control", "name": "hcaptcha_challenger.agents.playwright.control", "process": {"id": 3528, "name": "MainProcess"}, "thread": {"id": 140675051617152, "name": "MainThread"}, "time": {"repr": "2024-01-26 06:27:11.349623+08:00", "timestamp": 1706221631.349623}}}
{"text": "2024-01-26 06:27:16 | DEBUG    | epic_games.agent:insert_challenge:106 | task done - {'sattus': 'success'}\n", "record": {"elapsed": {"repr": "0:01:27.992873", "seconds": 87.992873}, "exception": null, "extra": {"sattus": "success"}, "file": {"name": "agent.py", "path": "/home/runner/work/epic-awesome/epic-awesome/epic/src/epic_games/agent.py"}, "function": "insert_challenge", "level": {"icon": "üêû", "name": "DEBUG", "no": 10}, "line": 106, "message": "task done", "module": "agent", "name": "epic_games.agent", "process": {"id": 3528, "name": "MainProcess"}, "thread": {"id": 140675051617152, "name": "MainThread"}, "time": {"repr": "2024-01-26 06:27:16.335111+08:00", "timestamp": 1706221636.335111}}}
{"text": "2024-01-26 06:27:48 | INFO    | epic_games.agent:claim_weekly_games:294 | claim_weekly_games - {'action': 'go to store', 'url': 'https://store.epicgames.com/en-US/p/infinifactory-ec9686'}\n", "record": {"elapsed": {"repr": "0:02:00.140010", "seconds": 120.14001}, "exception": null, "extra": {"action": "go to store", "url": "https://store.epicgames.com/en-US/p/infinifactory-ec9686"}, "file": {"name": "agent.py", "path": "/home/runner/work/epic-awesome/epic-awesome/epic/src/epic_games/agent.py"}, "function": "claim_weekly_games", "level": {"icon": "‚ÑπÔ∏è", "name": "INFO", "no": 20}, "line": 294, "message": "claim_weekly_games", "module": "agent", "name": "epic_games.agent", "process": {"id": 3528, "name": "MainProcess"}, "thread": {"id": 140675051617152, "name": "MainThread"}, "time": {"repr": "2024-01-26 06:27:48.482248+08:00", "timestamp": 1706221668.482248}}}
{"text": "2024-01-26 06:27:56 | INFO    | epic_games.agent:claim_weekly_games:326 | claim_weekly_games - {'action': 'move to webPurchaseContainer iframe'}\n", "record": {"elapsed": {"repr": "0:02:08.284330", "seconds": 128.28433}, "exception": null, "extra": {"action": "move to webPurchaseContainer iframe"}, "file": {"name": "agent.py", "path": "/home/runner/work/epic-awesome/epic-awesome/epic/src/epic_games/agent.py"}, "function": "claim_weekly_games", "level": {"icon": "‚ÑπÔ∏è", "name": "INFO", "no": 20}, "line": 326, "message": "claim_weekly_games", "module": "agent", "name": "epic_games.agent", "process": {"id": 3528, "name": "MainProcess"}, "thread": {"id": 140675051617152, "name": "MainThread"}, "time": {"repr": "2024-01-26 06:27:56.626568+08:00", "timestamp": 1706221676.626568}}}
{"text": "2024-01-26 06:27:59 | INFO    | epic_games.agent:claim_weekly_games:328 | claim_weekly_games - {'action': 'click payment button'}\n", "record": {"elapsed": {"repr": "0:02:10.668484", "seconds": 130.668484}, "exception": null, "extra": {"action": "click payment button"}, "file": {"name": "agent.py", "path": "/home/runner/work/epic-awesome/epic-awesome/epic/src/epic_games/agent.py"}, "function": "claim_weekly_games", "level": {"icon": "‚ÑπÔ∏è", "name": "INFO", "no": 20}, "line": 328, "message": "claim_weekly_games", "module": "agent", "name": "epic_games.agent", "process": {"id": 3528, "name": "MainProcess"}, "thread": {"id": 140675051617152, "name": "MainThread"}, "time": {"repr": "2024-01-26 06:27:59.010722+08:00", "timestamp": 1706221679.010722}}}
{"text": "2024-01-26 06:28:04 | DEBUG    | hcaptcha_challenger.agents.playwright.control:_parse_label:241 | get task - {'prompt': 'Plea—ïe f—ñn‘Å and click on the number 8 in t“ªe image below.'}\n", "record": {"elapsed": {"repr": "0:02:15.670608", "seconds": 135.670608}, "exception": null, "extra": {"prompt": "Plea—ïe f—ñn‘Å and click on the number 8 in t“ªe image below."}, "file": {"name": "control.py", "path": "/opt/hostedtoolcache/Python/3.10.13/x64/lib/python3.10/site-packages/hcaptcha_challenger/agents/playwright/control.py"}, "function": "_parse_label", "level": {"icon": "üêû", "name": "DEBUG", "no": 10}, "line": 241, "message": "get task", "module": "control", "name": "hcaptcha_challenger.agents.playwright.control", "process": {"id": 3528, "name": "MainProcess"}, "thread": {"id": 140675051617152, "name": "MainThread"}, "time": {"repr": "2024-01-26 06:28:04.012846+08:00", "timestamp": 1706221684.012846}}}
{"text": "2024-01-26 06:28:09 | DEBUG    | epic_games.agent:insert_challenge:106 | task done - {'sattus': 'success'}\n", "record": {"elapsed": {"repr": "0:02:20.677420", "seconds": 140.67742}, "exception": null, "extra": {"sattus": "success"}, "file": {"name": "agent.py", "path": "/home/runner/work/epic-awesome/epic-awesome/epic/src/epic_games/agent.py"}, "function": "insert_challenge", "level": {"icon": "üêû", "name": "DEBUG", "no": 10}, "line": 106, "message": "task done", "module": "agent", "name": "epic_games.agent", "process": {"id": 3528, "name": "MainProcess"}, "thread": {"id": 140675051617152, "name": "MainThread"}, "time": {"repr": "2024-01-26 06:28:09.019658+08:00", "timestamp": 1706221689.019658}}}
{"text": "2024-01-26 06:28:40 | ERROR    | __main__:run:158 | An error has been caught in function 'run', process 'MainProcess' (3528), thread 'MainThread' (140675051617152): - {}\nTraceback (most recent call last):\n  File \"/home/runner/work/epic-awesome/epic-awesome/epic/src/claim.py\", line 151, in stash\n    await self.claim_epic_games(context)\n  File \"/home/runner/work/epic-awesome/epic-awesome/epic/src/claim.py\", line 122, in claim_epic_games\n    await epic.claim_weekly_games(page, single_promotions)\n  File \"/opt/hostedtoolcache/Python/3.10.13/x64/lib/python3.10/site-packages/tenacity/_asyncio.py\", line 88, in async_wrapped\n    return await fn(*args, **kwargs)\n  File \"/opt/hostedtoolcache/Python/3.10.13/x64/lib/python3.10/site-packages/tenacity/_asyncio.py\", line 47, in __call__\n    do = self.iter(retry_state=retry_state)\n  File \"/opt/hostedtoolcache/Python/3.10.13/x64/lib/python3.10/site-packages/tenacity/__init__.py\", line 325, in iter\n    raise retry_exc.reraise()\n  File \"/opt/hostedtoolcache/Python/3.10.13/x64/lib/python3.10/site-packages/tenacity/__init__.py\", line 158, in reraise\n    raise self.last_attempt.result()\n  File \"/opt/hostedtoolcache/Python/3.10.13/x64/lib/python3.10/concurrent/futures/_base.py\", line 451, in result\n    return self.__get_result()\n  File \"/opt/hostedtoolcache/Python/3.10.13/x64/lib/python3.10/concurrent/futures/_base.py\", line 403, in __get_result\n    raise self._exception\n  File \"/opt/hostedtoolcache/Python/3.10.13/x64/lib/python3.10/site-packages/tenacity/_asyncio.py\", line 50, in __call__\n    result = await fn(*args, **kwargs)\n  File \"/home/runner/work/epic-awesome/epic-awesome/epic/src/epic_games/agent.py\", line 338, in claim_weekly_games\n    await page.wait_for_url(recur_url)\n  File \"/opt/hostedtoolcache/Python/3.10.13/x64/lib/python3.10/site-packages/playwright/async_api/_generated.py\", line 9432, in wait_for_url\n    await self._impl_obj.wait_for_url(\n  File \"/opt/hostedtoolcache/Python/3.10.13/x64/lib/python3.10/site-packages/playwright/_impl/_page.py\", line 508, in wait_for_url\n    return await self._main_frame.wait_for_url(**locals_to_params(locals()))\n  File \"/opt/hostedtoolcache/Python/3.10.13/x64/lib/python3.10/site-packages/playwright/_impl/_frame.py\", line 237, in wait_for_url\n    async with self.expect_navigation(\n  File \"/opt/hostedtoolcache/Python/3.10.13/x64/lib/python3.10/site-packages/playwright/_impl/_event_context_manager.py\", line 33, in __aexit__\n    await self._future\n  File \"/opt/hostedtoolcache/Python/3.10.13/x64/lib/python3.10/site-packages/playwright/_impl/_frame.py\", line 212, in continuation\n    event = await waiter.result()\nplaywright._impl._errors.TimeoutError: Timeout 30000ms exceeded.\n=========================== logs ===========================\nwaiting for navigation to \"https://store.epicgames.com/en-US/cart/success\" until 'load'\n============================================================\n\nDuring handling of the above exception, another exception occurred:\n\nTraceback (most recent call last):\n  File \"/home/runner/work/epic-awesome/epic-awesome/epic/src/claim.py\", line 162, in <module>\n    asyncio.run(run())\n  File \"/opt/hostedtoolcache/Python/3.10.13/x64/lib/python3.10/asyncio/runners.py\", line 44, in run\n    return loop.run_until_complete(main)\n  File \"/opt/hostedtoolcache/Python/3.10.13/x64/lib/python3.10/asyncio/base_events.py\", line 636, in run_until_complete\n    self.run_forever()\n  File \"/opt/hostedtoolcache/Python/3.10.13/x64/lib/python3.10/asyncio/base_events.py\", line 603, in run_forever\n    self._run_once()\n  File \"/opt/hostedtoolcache/Python/3.10.13/x64/lib/python3.10/asyncio/base_events.py\", line 1909, in _run_once\n    handle._run()\n  File \"/opt/hostedtoolcache/Python/3.10.13/x64/lib/python3.10/asyncio/events.py\", line 80, in _run\n    self._context.run(self._callback, *self._args)\n> File \"/home/runner/work/epic-awesome/epic-awesome/epic/src/claim.py\", line 158, in run\n    await agent.stash()\n  File \"/home/runner/work/epic-awesome/epic-awesome/epic/src/claim.py\", line 139, in stash\n    async with async_playwright() as p:\n  File \"/opt/hostedtoolcache/Python/3.10.13/x64/lib/python3.10/site-packages/playwright/async_api/_context_manager.py\", line 58, in __aexit__\n    await self._connection.stop_async()\n  File \"/opt/hostedtoolcache/Python/3.10.13/x64/lib/python3.10/site-packages/playwright/_impl/_connection.py\", line 289, in stop_async\n    self.cleanup()\n  File \"/opt/hostedtoolcache/Python/3.10.13/x64/lib/python3.10/site-packages/playwright/_impl/_connection.py\", line 300, in cleanup\n    callback.future.set_exception(self._closed_error)\nasyncio.exceptions.InvalidStateError: invalid state\n", "record": {"elapsed": {"repr": "0:02:52.539431", "seconds": 172.539431}, "exception": {"type": "InvalidStateError", "value": "invalid state", "traceback": true}, "extra": {}, "file": {"name": "claim.py", "path": "/home/runner/work/epic-awesome/epic-awesome/epic/src/claim.py"}, "function": "run", "level": {"icon": "‚ùå", "name": "ERROR", "no": 40}, "line": 158, "message": "An error has been caught in function 'run', process 'MainProcess' (3528), thread 'MainThread' (140675051617152):", "module": "claim", "name": "__main__", "process": {"id": 3528, "name": "MainProcess"}, "thread": {"id": 140675051617152, "name": "MainThread"}, "time": {"repr": "2024-01-26 06:28:40.881669+08:00", "timestamp": 1706221720.881669}}}
